<?xml version="1.0" encoding="windows-1252" standalone="no"?>
<!DOCTYPE log SYSTEM "logger.dtd">
<log>
<record>
  <date>2024-04-09T11:16:09.809997600Z</date>
  <millis>1712661369809</millis>
  <nanos>997600</nanos>
  <sequence>0</sequence>
  <logger>OrderAddCommandLogger</logger>
  <level>INFO</level>
  <class>command.order.OrderAddCommand</class>
  <method>execute</method>
  <thread>1</thread>
  <message>Adding new item to order</message>
</record>
<record>
  <date>2024-04-09T11:16:09.817242600Z</date>
  <millis>1712661369817</millis>
  <nanos>242600</nanos>
  <sequence>1</sequence>
  <logger>OrderAddCommandLogger</logger>
  <level>INFO</level>
  <class>command.order.OrderAddCommand</class>
  <method>execute</method>
  <thread>1</thread>
  <message>Item successfully added to order</message>
</record>
